[1.380s] Invoking command in '/home/artifex/ros2_hydrotest_sychev_3_srv/py_srvcli': PYTHONPATH=/home/artifex/ros2_hydrotest_sychev_3_srv/build/py_srvcli/prefix_override:/usr/lib/python3/dist-packages/colcon_core/task/python/colcon_distutils_commands:/home/artifex/ros2_hydrotest_sychev_3_srv/install/py_srvcli/lib/python3.10/site-packages:${PYTHONPATH} /usr/bin/python3 -W ignore:setup.py install is deprecated setup.py egg_info --egg-base ../build/py_srvcli build --build-base /home/artifex/ros2_hydrotest_sychev_3_srv/build/py_srvcli/build install --record /home/artifex/ros2_hydrotest_sychev_3_srv/build/py_srvcli/install.log --single-version-externally-managed install_data
[1.911s] running egg_info
[1.912s] creating ../build/py_srvcli/py_srvcli.egg-info
[1.912s] writing ../build/py_srvcli/py_srvcli.egg-info/PKG-INFO
[1.913s] writing dependency_links to ../build/py_srvcli/py_srvcli.egg-info/dependency_links.txt
[1.913s] writing entry points to ../build/py_srvcli/py_srvcli.egg-info/entry_points.txt
[1.913s] writing requirements to ../build/py_srvcli/py_srvcli.egg-info/requires.txt
[1.913s] writing top-level names to ../build/py_srvcli/py_srvcli.egg-info/top_level.txt
[1.914s] writing manifest file '../build/py_srvcli/py_srvcli.egg-info/SOURCES.txt'
[1.917s] reading manifest file '../build/py_srvcli/py_srvcli.egg-info/SOURCES.txt'
[1.917s] adding license file 'LICENSE'
[1.919s] writing manifest file '../build/py_srvcli/py_srvcli.egg-info/SOURCES.txt'
[1.919s] running build
[1.919s] running build_py
[1.919s] creating /home/artifex/ros2_hydrotest_sychev_3_srv/build/py_srvcli/build
[1.920s] creating /home/artifex/ros2_hydrotest_sychev_3_srv/build/py_srvcli/build/lib
[1.920s] creating /home/artifex/ros2_hydrotest_sychev_3_srv/build/py_srvcli/build/lib/py_srvcli
[1.920s] copying py_srvcli/__init__.py -> /home/artifex/ros2_hydrotest_sychev_3_srv/build/py_srvcli/build/lib/py_srvcli
[1.920s] copying py_srvcli/service_member_function.py -> /home/artifex/ros2_hydrotest_sychev_3_srv/build/py_srvcli/build/lib/py_srvcli
[1.920s] copying py_srvcli/client_member_function.py -> /home/artifex/ros2_hydrotest_sychev_3_srv/build/py_srvcli/build/lib/py_srvcli
[1.921s] running install
[1.921s] running install_lib
[1.923s] creating /home/artifex/ros2_hydrotest_sychev_3_srv/install/py_srvcli/lib/python3.10/site-packages/py_srvcli
[1.923s] copying /home/artifex/ros2_hydrotest_sychev_3_srv/build/py_srvcli/build/lib/py_srvcli/__init__.py -> /home/artifex/ros2_hydrotest_sychev_3_srv/install/py_srvcli/lib/python3.10/site-packages/py_srvcli
[1.924s] copying /home/artifex/ros2_hydrotest_sychev_3_srv/build/py_srvcli/build/lib/py_srvcli/service_member_function.py -> /home/artifex/ros2_hydrotest_sychev_3_srv/install/py_srvcli/lib/python3.10/site-packages/py_srvcli
[1.924s] copying /home/artifex/ros2_hydrotest_sychev_3_srv/build/py_srvcli/build/lib/py_srvcli/client_member_function.py -> /home/artifex/ros2_hydrotest_sychev_3_srv/install/py_srvcli/lib/python3.10/site-packages/py_srvcli
[1.925s] byte-compiling /home/artifex/ros2_hydrotest_sychev_3_srv/install/py_srvcli/lib/python3.10/site-packages/py_srvcli/__init__.py to __init__.cpython-310.pyc
[1.925s] byte-compiling /home/artifex/ros2_hydrotest_sychev_3_srv/install/py_srvcli/lib/python3.10/site-packages/py_srvcli/service_member_function.py to service_member_function.cpython-310.pyc
[1.926s] byte-compiling /home/artifex/ros2_hydrotest_sychev_3_srv/install/py_srvcli/lib/python3.10/site-packages/py_srvcli/client_member_function.py to client_member_function.cpython-310.pyc
[1.927s] running install_data
[1.928s] creating /home/artifex/ros2_hydrotest_sychev_3_srv/install/py_srvcli/share/ament_index
[1.928s] creating /home/artifex/ros2_hydrotest_sychev_3_srv/install/py_srvcli/share/ament_index/resource_index
[1.928s] creating /home/artifex/ros2_hydrotest_sychev_3_srv/install/py_srvcli/share/ament_index/resource_index/packages
[1.928s] copying resource/py_srvcli -> /home/artifex/ros2_hydrotest_sychev_3_srv/install/py_srvcli/share/ament_index/resource_index/packages
[1.929s] copying package.xml -> /home/artifex/ros2_hydrotest_sychev_3_srv/install/py_srvcli/share/py_srvcli
[1.929s] running install_egg_info
[1.932s] Copying ../build/py_srvcli/py_srvcli.egg-info to /home/artifex/ros2_hydrotest_sychev_3_srv/install/py_srvcli/lib/python3.10/site-packages/py_srvcli-0.0.0-py3.10.egg-info
[1.935s] running install_scripts
[1.976s] Installing client script to /home/artifex/ros2_hydrotest_sychev_3_srv/install/py_srvcli/lib/py_srvcli
[1.977s] Installing service script to /home/artifex/ros2_hydrotest_sychev_3_srv/install/py_srvcli/lib/py_srvcli
[1.977s] writing list of installed files to '/home/artifex/ros2_hydrotest_sychev_3_srv/build/py_srvcli/install.log'
[2.018s] Invoked command in '/home/artifex/ros2_hydrotest_sychev_3_srv/py_srvcli' returned '0': PYTHONPATH=/home/artifex/ros2_hydrotest_sychev_3_srv/build/py_srvcli/prefix_override:/usr/lib/python3/dist-packages/colcon_core/task/python/colcon_distutils_commands:/home/artifex/ros2_hydrotest_sychev_3_srv/install/py_srvcli/lib/python3.10/site-packages:${PYTHONPATH} /usr/bin/python3 -W ignore:setup.py install is deprecated setup.py egg_info --egg-base ../build/py_srvcli build --build-base /home/artifex/ros2_hydrotest_sychev_3_srv/build/py_srvcli/build install --record /home/artifex/ros2_hydrotest_sychev_3_srv/build/py_srvcli/install.log --single-version-externally-managed install_data
