[0.458s] Invoking command in '/home/artifex/ros2_hydrotest_sychev_3_srv/py_srvcli': PYTHONPATH=/home/artifex/ros2_hydrotest_sychev_3_srv/build/py_srvcli/prefix_override:/usr/lib/python3/dist-packages/colcon_core/task/python/colcon_distutils_commands:/home/artifex/ros2_hydrotest_sychev_3_srv/install/py_srvcli/lib/python3.10/site-packages:${PYTHONPATH} /usr/bin/python3 -W ignore:setup.py install is deprecated setup.py egg_info --egg-base ../build/py_srvcli build --build-base /home/artifex/ros2_hydrotest_sychev_3_srv/build/py_srvcli/build install --record /home/artifex/ros2_hydrotest_sychev_3_srv/build/py_srvcli/install.log --single-version-externally-managed install_data
[0.637s] running egg_info
[0.637s] writing ../build/py_srvcli/py_srvcli.egg-info/PKG-INFO
[0.637s] writing dependency_links to ../build/py_srvcli/py_srvcli.egg-info/dependency_links.txt
[0.637s] writing entry points to ../build/py_srvcli/py_srvcli.egg-info/entry_points.txt
[0.637s] writing requirements to ../build/py_srvcli/py_srvcli.egg-info/requires.txt
[0.637s] writing top-level names to ../build/py_srvcli/py_srvcli.egg-info/top_level.txt
[0.639s] reading manifest file '../build/py_srvcli/py_srvcli.egg-info/SOURCES.txt'
[0.639s] adding license file 'LICENSE'
[0.639s] writing manifest file '../build/py_srvcli/py_srvcli.egg-info/SOURCES.txt'
[0.639s] running build
[0.640s] running build_py
[0.640s] copying py_srvcli/service_member_function.py -> /home/artifex/ros2_hydrotest_sychev_3_srv/build/py_srvcli/build/lib/py_srvcli
[0.640s] copying py_srvcli/client_member_function.py -> /home/artifex/ros2_hydrotest_sychev_3_srv/build/py_srvcli/build/lib/py_srvcli
[0.640s] running install
[0.640s] running install_lib
[0.641s] copying /home/artifex/ros2_hydrotest_sychev_3_srv/build/py_srvcli/build/lib/py_srvcli/service_member_function.py -> /home/artifex/ros2_hydrotest_sychev_3_srv/install/py_srvcli/lib/python3.10/site-packages/py_srvcli
[0.641s] copying /home/artifex/ros2_hydrotest_sychev_3_srv/build/py_srvcli/build/lib/py_srvcli/client_member_function.py -> /home/artifex/ros2_hydrotest_sychev_3_srv/install/py_srvcli/lib/python3.10/site-packages/py_srvcli
[0.641s] byte-compiling /home/artifex/ros2_hydrotest_sychev_3_srv/install/py_srvcli/lib/python3.10/site-packages/py_srvcli/service_member_function.py to service_member_function.cpython-310.pyc
[0.642s] byte-compiling /home/artifex/ros2_hydrotest_sychev_3_srv/install/py_srvcli/lib/python3.10/site-packages/py_srvcli/client_member_function.py to client_member_function.cpython-310.pyc
[0.642s] running install_data
[0.642s] running install_egg_info
[0.643s] removing '/home/artifex/ros2_hydrotest_sychev_3_srv/install/py_srvcli/lib/python3.10/site-packages/py_srvcli-0.0.0-py3.10.egg-info' (and everything under it)
[0.644s] Copying ../build/py_srvcli/py_srvcli.egg-info to /home/artifex/ros2_hydrotest_sychev_3_srv/install/py_srvcli/lib/python3.10/site-packages/py_srvcli-0.0.0-py3.10.egg-info
[0.644s] running install_scripts
[0.659s] Installing client script to /home/artifex/ros2_hydrotest_sychev_3_srv/install/py_srvcli/lib/py_srvcli
[0.659s] Installing service script to /home/artifex/ros2_hydrotest_sychev_3_srv/install/py_srvcli/lib/py_srvcli
[0.660s] writing list of installed files to '/home/artifex/ros2_hydrotest_sychev_3_srv/build/py_srvcli/install.log'
[0.677s] Invoked command in '/home/artifex/ros2_hydrotest_sychev_3_srv/py_srvcli' returned '0': PYTHONPATH=/home/artifex/ros2_hydrotest_sychev_3_srv/build/py_srvcli/prefix_override:/usr/lib/python3/dist-packages/colcon_core/task/python/colcon_distutils_commands:/home/artifex/ros2_hydrotest_sychev_3_srv/install/py_srvcli/lib/python3.10/site-packages:${PYTHONPATH} /usr/bin/python3 -W ignore:setup.py install is deprecated setup.py egg_info --egg-base ../build/py_srvcli build --build-base /home/artifex/ros2_hydrotest_sychev_3_srv/build/py_srvcli/build install --record /home/artifex/ros2_hydrotest_sychev_3_srv/build/py_srvcli/install.log --single-version-externally-managed install_data
