[0.036s] Invoking command in '/home/artifex/ros2_hydrotest_sychev_3_srv/build/tutorial_interfaces': CMAKE_PREFIX_PATH=/opt/ros/iron /usr/bin/cmake /home/artifex/ros2_hydrotest_sychev_3_srv/tutorial_interfaces -DCMAKE_INSTALL_PREFIX=/home/artifex/ros2_hydrotest_sychev_3_srv/install/tutorial_interfaces
[0.282s] -- The C compiler identification is GNU 11.4.0
[0.464s] -- The CXX compiler identification is GNU 11.4.0
[0.486s] -- Detecting C compiler ABI info
[0.656s] -- Detecting C compiler ABI info - done
[0.672s] -- Check for working C compiler: /usr/bin/cc - skipped
[0.673s] -- Detecting C compile features
[0.675s] -- Detecting C compile features - done
[0.682s] -- Detecting CXX compiler ABI info
[0.872s] -- Detecting CXX compiler ABI info - done
[0.888s] -- Check for working CXX compiler: /usr/bin/c++ - skipped
[0.889s] -- Detecting CXX compile features
[0.890s] -- Detecting CXX compile features - done
[0.901s] -- Found ament_cmake: 2.0.6 (/opt/ros/iron/share/ament_cmake/cmake)
[1.278s] -- Found Python3: /usr/bin/python3.10 (found version "3.10.12") found components: Interpreter 
[1.489s] -- Found geometry_msgs: 5.0.1 (/opt/ros/iron/share/geometry_msgs/cmake)
[1.590s] -- Found rosidl_generator_c: 4.0.1 (/opt/ros/iron/share/rosidl_generator_c/cmake)
[1.622s] -- Found rosidl_generator_cpp: 4.0.1 (/opt/ros/iron/share/rosidl_generator_cpp/cmake)
[1.669s] -- Using all available rosidl_typesupport_c: rosidl_typesupport_fastrtps_c;rosidl_typesupport_introspection_c
[1.718s] -- Using all available rosidl_typesupport_cpp: rosidl_typesupport_fastrtps_cpp;rosidl_typesupport_introspection_cpp
[1.965s] -- Found rosidl_default_generators: 1.5.0 (/opt/ros/iron/share/rosidl_default_generators/cmake)
[1.995s] -- Found rosidl_adapter: 4.0.1 (/opt/ros/iron/share/rosidl_adapter/cmake)
[2.842s] -- Found ament_cmake_ros: 0.11.2 (/opt/ros/iron/share/ament_cmake_ros/cmake)
[3.770s] -- Using all available rosidl_typesupport_c: rosidl_typesupport_fastrtps_c;rosidl_typesupport_introspection_c
[4.130s] -- Using all available rosidl_typesupport_cpp: rosidl_typesupport_fastrtps_cpp;rosidl_typesupport_introspection_cpp
[4.180s] -- Found PythonInterp: /usr/bin/python3 (found suitable version "3.10.12", minimum required is "3.6") 
[4.184s] -- Found python_cmake_module: 0.10.2 (/opt/ros/iron/share/python_cmake_module/cmake)
[4.243s] -- Found PythonLibs: /usr/lib/x86_64-linux-gnu/libpython3.10.so (found suitable version "3.10.12", minimum required is "3.5") 
[4.243s] -- Using PYTHON_EXECUTABLE: /usr/bin/python3
[4.243s] -- Using PYTHON_INCLUDE_DIRS: /usr/include/python3.10
[4.243s] -- Using PYTHON_LIBRARIES: /usr/lib/x86_64-linux-gnu/libpython3.10.so
[4.289s] -- Found PythonExtra: .so  
[4.427s] -- Found ament_lint_auto: 0.14.4 (/opt/ros/iron/share/ament_lint_auto/cmake)
[4.483s] -- Added test 'lint_cmake' to check CMake code style
[4.487s] -- Added test 'xmllint' to check XML markup files
[4.494s] -- Configuring done
[4.596s] -- Generating done
[4.603s] -- Build files have been written to: /home/artifex/ros2_hydrotest_sychev_3_srv/build/tutorial_interfaces
[4.621s] Invoked command in '/home/artifex/ros2_hydrotest_sychev_3_srv/build/tutorial_interfaces' returned '0': CMAKE_PREFIX_PATH=/opt/ros/iron /usr/bin/cmake /home/artifex/ros2_hydrotest_sychev_3_srv/tutorial_interfaces -DCMAKE_INSTALL_PREFIX=/home/artifex/ros2_hydrotest_sychev_3_srv/install/tutorial_interfaces
[4.625s] Invoking command in '/home/artifex/ros2_hydrotest_sychev_3_srv/build/tutorial_interfaces': CMAKE_PREFIX_PATH=/opt/ros/iron /usr/bin/cmake --build /home/artifex/ros2_hydrotest_sychev_3_srv/build/tutorial_interfaces -- -j12 -l12
[4.738s] [  1%] [34m[1mGenerating type hashes for ROS interfaces[0m
[4.757s] [  1%] Built target ament_cmake_python_copy_tutorial_interfaces
[5.225s] [  1%] Built target tutorial_interfaces__rosidl_generator_type_description
[5.249s] [  3%] [34m[1mGenerating C code for ROS interfaces[0m
[5.274s] [  5%] [34m[1mGenerating C++ code for ROS interfaces[0m
[5.303s] running egg_info
[5.304s] creating tutorial_interfaces.egg-info
[5.304s] writing tutorial_interfaces.egg-info/PKG-INFO
[5.305s] writing dependency_links to tutorial_interfaces.egg-info/dependency_links.txt
[5.305s] writing top-level names to tutorial_interfaces.egg-info/top_level.txt
[5.306s] writing manifest file 'tutorial_interfaces.egg-info/SOURCES.txt'
[5.310s] reading manifest file 'tutorial_interfaces.egg-info/SOURCES.txt'
[5.312s] writing manifest file 'tutorial_interfaces.egg-info/SOURCES.txt'
[5.364s] [  5%] Built target ament_cmake_python_build_tutorial_interfaces_egg
[6.094s] [  5%] Built target tutorial_interfaces__cpp
[6.244s] [  7%] [32mBuilding C object CMakeFiles/tutorial_interfaces__rosidl_generator_c.dir/rosidl_generator_c/tutorial_interfaces/msg/detail/num__description.c.o[0m
[6.245s] [  9%] [32mBuilding C object CMakeFiles/tutorial_interfaces__rosidl_generator_c.dir/rosidl_generator_c/tutorial_interfaces/msg/detail/sphere__functions.c.o[0m
[6.248s] [ 12%] [32mBuilding C object CMakeFiles/tutorial_interfaces__rosidl_generator_c.dir/rosidl_generator_c/tutorial_interfaces/msg/detail/num__functions.c.o[0m
[6.248s] [ 12%] [32mBuilding C object CMakeFiles/tutorial_interfaces__rosidl_generator_c.dir/rosidl_generator_c/tutorial_interfaces/srv/detail/add_three_ints__type_support.c.o[0m
[6.249s] [ 14%] [32mBuilding C object CMakeFiles/tutorial_interfaces__rosidl_generator_c.dir/rosidl_generator_c/tutorial_interfaces/msg/detail/num__type_support.c.o[0m
[6.249s] [ 16%] [32mBuilding C object CMakeFiles/tutorial_interfaces__rosidl_generator_c.dir/rosidl_generator_c/tutorial_interfaces/msg/detail/sphere__description.c.o[0m
[6.250s] [ 18%] [32mBuilding C object CMakeFiles/tutorial_interfaces__rosidl_generator_c.dir/rosidl_generator_c/tutorial_interfaces/msg/detail/sphere__type_support.c.o[0m
[6.251s] [ 20%] [32mBuilding C object CMakeFiles/tutorial_interfaces__rosidl_generator_c.dir/rosidl_generator_c/tutorial_interfaces/srv/detail/add_three_ints__description.c.o[0m
[6.252s] [ 22%] [32mBuilding C object CMakeFiles/tutorial_interfaces__rosidl_generator_c.dir/rosidl_generator_c/tutorial_interfaces/srv/detail/add_three_ints__functions.c.o[0m
[6.431s] [ 24%] [32m[1mLinking C shared library libtutorial_interfaces__rosidl_generator_c.so[0m
[6.524s] [ 24%] Built target tutorial_interfaces__rosidl_generator_c
[6.547s] [ 27%] [34m[1mGenerating C++ type support dispatch for ROS interfaces[0m
[6.547s] [ 27%] [34m[1mGenerating C type support for eProsima Fast-RTPS[0m
[6.548s] [ 29%] [34m[1mGenerating C++ type support for eProsima Fast-RTPS[0m
[6.548s] [ 31%] [34m[1mGenerating C introspection for ROS interfaces[0m
[6.549s] [ 35%] [34m[1mGenerating C++ introspection for ROS interfaces[0m
[6.549s] [ 35%] [34m[1mGenerating C type support dispatch for ROS interfaces[0m
[7.110s] [ 37%] [32mBuilding CXX object CMakeFiles/tutorial_interfaces__rosidl_typesupport_c.dir/rosidl_typesupport_c/tutorial_interfaces/msg/num__type_support.cpp.o[0m
[7.118s] [ 38%] [32mBuilding CXX object CMakeFiles/tutorial_interfaces__rosidl_typesupport_c.dir/rosidl_typesupport_c/tutorial_interfaces/msg/sphere__type_support.cpp.o[0m
[7.118s] [ 40%] [32mBuilding CXX object CMakeFiles/tutorial_interfaces__rosidl_typesupport_c.dir/rosidl_typesupport_c/tutorial_interfaces/srv/add_three_ints__type_support.cpp.o[0m
[7.134s] [ 42%] [32mBuilding CXX object CMakeFiles/tutorial_interfaces__rosidl_typesupport_cpp.dir/rosidl_typesupport_cpp/tutorial_interfaces/msg/num__type_support.cpp.o[0m
[7.134s] [ 44%] [32mBuilding CXX object CMakeFiles/tutorial_interfaces__rosidl_typesupport_cpp.dir/rosidl_typesupport_cpp/tutorial_interfaces/msg/sphere__type_support.cpp.o[0m
[7.135s] [ 46%] [32mBuilding CXX object CMakeFiles/tutorial_interfaces__rosidl_typesupport_cpp.dir/rosidl_typesupport_cpp/tutorial_interfaces/srv/add_three_ints__type_support.cpp.o[0m
[7.239s] [ 51%] [32mBuilding CXX object CMakeFiles/tutorial_interfaces__rosidl_typesupport_introspection_cpp.dir/rosidl_typesupport_introspection_cpp/tutorial_interfaces/srv/detail/add_three_ints__type_support.cpp.o[0m
[7.239s] [ 51%] [32mBuilding CXX object CMakeFiles/tutorial_interfaces__rosidl_typesupport_introspection_cpp.dir/rosidl_typesupport_introspection_cpp/tutorial_interfaces/msg/detail/num__type_support.cpp.o[0m
[7.242s] [ 51%] [32mBuilding CXX object CMakeFiles/tutorial_interfaces__rosidl_typesupport_introspection_cpp.dir/rosidl_typesupport_introspection_cpp/tutorial_interfaces/msg/detail/sphere__type_support.cpp.o[0m
[7.252s] [ 53%] [32m[1mLinking CXX shared library libtutorial_interfaces__rosidl_typesupport_c.so[0m
[7.271s] [ 57%] [32mBuilding C object CMakeFiles/tutorial_interfaces__rosidl_typesupport_introspection_c.dir/rosidl_typesupport_introspection_c/tutorial_interfaces/msg/detail/sphere__type_support.c.o[0m
[7.271s] [ 57%] [32mBuilding C object CMakeFiles/tutorial_interfaces__rosidl_typesupport_introspection_c.dir/rosidl_typesupport_introspection_c/tutorial_interfaces/msg/detail/num__type_support.c.o[0m
[7.309s] [ 59%] [32mBuilding CXX object CMakeFiles/tutorial_interfaces__rosidl_typesupport_fastrtps_cpp.dir/rosidl_typesupport_fastrtps_cpp/tutorial_interfaces/msg/detail/dds_fastrtps/num__type_support.cpp.o[0m
[7.312s] [ 61%] [32mBuilding CXX object CMakeFiles/tutorial_interfaces__rosidl_typesupport_fastrtps_cpp.dir/rosidl_typesupport_fastrtps_cpp/tutorial_interfaces/msg/detail/dds_fastrtps/sphere__type_support.cpp.o[0m
[7.357s] [ 61%] Built target tutorial_interfaces__rosidl_typesupport_c
[7.361s] [ 62%] [32mBuilding C object CMakeFiles/tutorial_interfaces__rosidl_typesupport_introspection_c.dir/rosidl_typesupport_introspection_c/tutorial_interfaces/srv/detail/add_three_ints__type_support.c.o[0m
[7.361s] [ 64%] [32mBuilding CXX object CMakeFiles/tutorial_interfaces__rosidl_typesupport_fastrtps_cpp.dir/rosidl_typesupport_fastrtps_cpp/tutorial_interfaces/srv/detail/dds_fastrtps/add_three_ints__type_support.cpp.o[0m
[7.372s] [ 66%] [32mBuilding CXX object CMakeFiles/tutorial_interfaces__rosidl_typesupport_fastrtps_c.dir/rosidl_typesupport_fastrtps_c/tutorial_interfaces/msg/detail/num__type_support_c.cpp.o[0m
[7.380s] [ 68%] [32mBuilding CXX object CMakeFiles/tutorial_interfaces__rosidl_typesupport_fastrtps_c.dir/rosidl_typesupport_fastrtps_c/tutorial_interfaces/msg/detail/sphere__type_support_c.cpp.o[0m
[7.478s] [ 70%] [32m[1mLinking C shared library libtutorial_interfaces__rosidl_typesupport_introspection_c.so[0m
[7.567s] [ 70%] Built target tutorial_interfaces__rosidl_typesupport_introspection_c
[7.595s] [ 72%] [32mBuilding CXX object CMakeFiles/tutorial_interfaces__rosidl_typesupport_fastrtps_c.dir/rosidl_typesupport_fastrtps_c/tutorial_interfaces/srv/detail/add_three_ints__type_support_c.cpp.o[0m
[8.152s] [ 74%] [32m[1mLinking CXX shared library libtutorial_interfaces__rosidl_typesupport_cpp.so[0m
[8.234s] [ 75%] [32m[1mLinking CXX shared library libtutorial_interfaces__rosidl_typesupport_introspection_cpp.so[0m
[8.249s] [ 75%] Built target tutorial_interfaces__rosidl_typesupport_cpp
[8.270s] [ 77%] [32m[1mLinking CXX shared library libtutorial_interfaces__rosidl_typesupport_fastrtps_c.so[0m
[8.326s] [ 77%] Built target tutorial_interfaces__rosidl_typesupport_introspection_cpp
[8.361s] [ 77%] Built target tutorial_interfaces__rosidl_typesupport_fastrtps_c
[8.409s] [ 79%] [32m[1mLinking CXX shared library libtutorial_interfaces__rosidl_typesupport_fastrtps_cpp.so[0m
[8.490s] [ 79%] Built target tutorial_interfaces__rosidl_typesupport_fastrtps_cpp
[8.510s] [ 79%] Built target tutorial_interfaces
[8.531s] [ 81%] [34m[1mGenerating Python code for ROS interfaces[0m
[8.994s] [ 81%] Built target tutorial_interfaces__py
[9.013s] [ 87%] [32mBuilding C object CMakeFiles/tutorial_interfaces__rosidl_generator_py.dir/rosidl_generator_py/tutorial_interfaces/msg/_sphere_s.c.o[0m
[9.014s] [ 87%] [32mBuilding C object CMakeFiles/tutorial_interfaces__rosidl_generator_py.dir/rosidl_generator_py/tutorial_interfaces/msg/_num_s.c.o[0m
[9.014s] [ 87%] [32mBuilding C object CMakeFiles/tutorial_interfaces__rosidl_generator_py.dir/rosidl_generator_py/tutorial_interfaces/srv/_add_three_ints_s.c.o[0m
[9.137s] [ 88%] [32m[1mLinking C shared library rosidl_generator_py/tutorial_interfaces/libtutorial_interfaces__rosidl_generator_py.so[0m
[9.176s] [ 88%] Built target tutorial_interfaces__rosidl_generator_py
[9.194s] [ 94%] [32mBuilding C object CMakeFiles/tutorial_interfaces__rosidl_typesupport_c__pyext.dir/rosidl_generator_py/tutorial_interfaces/_tutorial_interfaces_s.ep.rosidl_typesupport_c.c.o[0m
[9.194s] [ 94%] [32mBuilding C object CMakeFiles/tutorial_interfaces__rosidl_typesupport_introspection_c__pyext.dir/rosidl_generator_py/tutorial_interfaces/_tutorial_interfaces_s.ep.rosidl_typesupport_introspection_c.c.o[0m
[9.194s] [ 94%] [32mBuilding C object CMakeFiles/tutorial_interfaces__rosidl_typesupport_fastrtps_c__pyext.dir/rosidl_generator_py/tutorial_interfaces/_tutorial_interfaces_s.ep.rosidl_typesupport_fastrtps_c.c.o[0m
[9.292s] [100%] [32m[1mLinking C shared library rosidl_generator_py/tutorial_interfaces/tutorial_interfaces_s__rosidl_typesupport_introspection_c.cpython-310-x86_64-linux-gnu.so[0m
[9.292s] [100%] [32m[1mLinking C shared library rosidl_generator_py/tutorial_interfaces/tutorial_interfaces_s__rosidl_typesupport_c.cpython-310-x86_64-linux-gnu.so[0m
[9.292s] [100%] [32m[1mLinking C shared library rosidl_generator_py/tutorial_interfaces/tutorial_interfaces_s__rosidl_typesupport_fastrtps_c.cpython-310-x86_64-linux-gnu.so[0m
[9.331s] [100%] Built target tutorial_interfaces__rosidl_typesupport_introspection_c__pyext
[9.331s] [100%] Built target tutorial_interfaces__rosidl_typesupport_fastrtps_c__pyext
[9.331s] [100%] Built target tutorial_interfaces__rosidl_typesupport_c__pyext
[9.342s] Invoked command in '/home/artifex/ros2_hydrotest_sychev_3_srv/build/tutorial_interfaces' returned '0': CMAKE_PREFIX_PATH=/opt/ros/iron /usr/bin/cmake --build /home/artifex/ros2_hydrotest_sychev_3_srv/build/tutorial_interfaces -- -j12 -l12
[9.454s] Invoking command in '/home/artifex/ros2_hydrotest_sychev_3_srv/build/tutorial_interfaces': CMAKE_PREFIX_PATH=/opt/ros/iron /usr/bin/cmake --install /home/artifex/ros2_hydrotest_sychev_3_srv/build/tutorial_interfaces
[9.460s] -- Install configuration: ""
[9.461s] -- Installing: /home/artifex/ros2_hydrotest_sychev_3_srv/install/tutorial_interfaces/share/ament_index/resource_index/rosidl_interfaces/tutorial_interfaces
[9.461s] -- Installing: /home/artifex/ros2_hydrotest_sychev_3_srv/install/tutorial_interfaces/share/tutorial_interfaces/msg/Num.json
[9.461s] -- Installing: /home/artifex/ros2_hydrotest_sychev_3_srv/install/tutorial_interfaces/share/tutorial_interfaces/msg/Sphere.json
[9.461s] -- Installing: /home/artifex/ros2_hydrotest_sychev_3_srv/install/tutorial_interfaces/share/tutorial_interfaces/srv/AddThreeInts.json
[9.461s] -- Installing: /home/artifex/ros2_hydrotest_sychev_3_srv/install/tutorial_interfaces/include/tutorial_interfaces/tutorial_interfaces
[9.461s] -- Installing: /home/artifex/ros2_hydrotest_sychev_3_srv/install/tutorial_interfaces/include/tutorial_interfaces/tutorial_interfaces/msg
[9.461s] -- Installing: /home/artifex/ros2_hydrotest_sychev_3_srv/install/tutorial_interfaces/include/tutorial_interfaces/tutorial_interfaces/msg/detail
[9.462s] -- Installing: /home/artifex/ros2_hydrotest_sychev_3_srv/install/tutorial_interfaces/include/tutorial_interfaces/tutorial_interfaces/msg/detail/sphere__type_support.c
[9.462s] -- Installing: /home/artifex/ros2_hydrotest_sychev_3_srv/install/tutorial_interfaces/include/tutorial_interfaces/tutorial_interfaces/msg/detail/num__type_support.h
[9.462s] -- Installing: /home/artifex/ros2_hydrotest_sychev_3_srv/install/tutorial_interfaces/include/tutorial_interfaces/tutorial_interfaces/msg/detail/num__functions.h
[9.462s] -- Installing: /home/artifex/ros2_hydrotest_sychev_3_srv/install/tutorial_interfaces/include/tutorial_interfaces/tutorial_interfaces/msg/detail/sphere__struct.h
[9.462s] -- Installing: /home/artifex/ros2_hydrotest_sychev_3_srv/install/tutorial_interfaces/include/tutorial_interfaces/tutorial_interfaces/msg/detail/sphere__functions.c
[9.462s] -- Installing: /home/artifex/ros2_hydrotest_sychev_3_srv/install/tutorial_interfaces/include/tutorial_interfaces/tutorial_interfaces/msg/detail/num__struct.h
[9.462s] -- Installing: /home/artifex/ros2_hydrotest_sychev_3_srv/install/tutorial_interfaces/include/tutorial_interfaces/tutorial_interfaces/msg/detail/sphere__description.c
[9.462s] -- Installing: /home/artifex/ros2_hydrotest_sychev_3_srv/install/tutorial_interfaces/include/tutorial_interfaces/tutorial_interfaces/msg/detail/sphere__functions.h
[9.463s] -- Installing: /home/artifex/ros2_hydrotest_sychev_3_srv/install/tutorial_interfaces/include/tutorial_interfaces/tutorial_interfaces/msg/detail/num__type_support.c
[9.463s] -- Installing: /home/artifex/ros2_hydrotest_sychev_3_srv/install/tutorial_interfaces/include/tutorial_interfaces/tutorial_interfaces/msg/detail/sphere__type_support.h
[9.463s] -- Installing: /home/artifex/ros2_hydrotest_sychev_3_srv/install/tutorial_interfaces/include/tutorial_interfaces/tutorial_interfaces/msg/detail/num__functions.c
[9.463s] -- Installing: /home/artifex/ros2_hydrotest_sychev_3_srv/install/tutorial_interfaces/include/tutorial_interfaces/tutorial_interfaces/msg/detail/num__description.c
[9.463s] -- Installing: /home/artifex/ros2_hydrotest_sychev_3_srv/install/tutorial_interfaces/include/tutorial_interfaces/tutorial_interfaces/msg/sphere.h
[9.463s] -- Installing: /home/artifex/ros2_hydrotest_sychev_3_srv/install/tutorial_interfaces/include/tutorial_interfaces/tutorial_interfaces/msg/num.h
[9.463s] -- Installing: /home/artifex/ros2_hydrotest_sychev_3_srv/install/tutorial_interfaces/include/tutorial_interfaces/tutorial_interfaces/msg/rosidl_generator_c__visibility_control.h
[9.464s] -- Installing: /home/artifex/ros2_hydrotest_sychev_3_srv/install/tutorial_interfaces/include/tutorial_interfaces/tutorial_interfaces/srv
[9.464s] -- Installing: /home/artifex/ros2_hydrotest_sychev_3_srv/install/tutorial_interfaces/include/tutorial_interfaces/tutorial_interfaces/srv/detail
[9.464s] -- Installing: /home/artifex/ros2_hydrotest_sychev_3_srv/install/tutorial_interfaces/include/tutorial_interfaces/tutorial_interfaces/srv/detail/add_three_ints__functions.c
[9.464s] -- Installing: /home/artifex/ros2_hydrotest_sychev_3_srv/install/tutorial_interfaces/include/tutorial_interfaces/tutorial_interfaces/srv/detail/add_three_ints__functions.h
[9.464s] -- Installing: /home/artifex/ros2_hydrotest_sychev_3_srv/install/tutorial_interfaces/include/tutorial_interfaces/tutorial_interfaces/srv/detail/add_three_ints__type_support.h
[9.464s] -- Installing: /home/artifex/ros2_hydrotest_sychev_3_srv/install/tutorial_interfaces/include/tutorial_interfaces/tutorial_interfaces/srv/detail/add_three_ints__struct.h
[9.464s] -- Installing: /home/artifex/ros2_hydrotest_sychev_3_srv/install/tutorial_interfaces/include/tutorial_interfaces/tutorial_interfaces/srv/detail/add_three_ints__type_support.c
[9.464s] -- Installing: /home/artifex/ros2_hydrotest_sychev_3_srv/install/tutorial_interfaces/include/tutorial_interfaces/tutorial_interfaces/srv/detail/add_three_ints__description.c
[9.464s] -- Installing: /home/artifex/ros2_hydrotest_sychev_3_srv/install/tutorial_interfaces/include/tutorial_interfaces/tutorial_interfaces/srv/add_three_ints.h
[9.465s] -- Installing: /home/artifex/ros2_hydrotest_sychev_3_srv/install/tutorial_interfaces/share/tutorial_interfaces/environment/library_path.sh
[9.465s] -- Installing: /home/artifex/ros2_hydrotest_sychev_3_srv/install/tutorial_interfaces/share/tutorial_interfaces/environment/library_path.dsv
[9.465s] -- Installing: /home/artifex/ros2_hydrotest_sychev_3_srv/install/tutorial_interfaces/lib/libtutorial_interfaces__rosidl_generator_c.so
[9.465s] -- Set runtime path of "/home/artifex/ros2_hydrotest_sychev_3_srv/install/tutorial_interfaces/lib/libtutorial_interfaces__rosidl_generator_c.so" to ""
[9.466s] -- Up-to-date: /home/artifex/ros2_hydrotest_sychev_3_srv/install/tutorial_interfaces/include/tutorial_interfaces/tutorial_interfaces
[9.466s] -- Up-to-date: /home/artifex/ros2_hydrotest_sychev_3_srv/install/tutorial_interfaces/include/tutorial_interfaces/tutorial_interfaces/msg
[9.466s] -- Up-to-date: /home/artifex/ros2_hydrotest_sychev_3_srv/install/tutorial_interfaces/include/tutorial_interfaces/tutorial_interfaces/msg/detail
[9.466s] -- Installing: /home/artifex/ros2_hydrotest_sychev_3_srv/install/tutorial_interfaces/include/tutorial_interfaces/tutorial_interfaces/msg/detail/num__rosidl_typesupport_fastrtps_c.h
[9.466s] -- Installing: /home/artifex/ros2_hydrotest_sychev_3_srv/install/tutorial_interfaces/include/tutorial_interfaces/tutorial_interfaces/msg/detail/sphere__rosidl_typesupport_fastrtps_c.h
[9.466s] -- Installing: /home/artifex/ros2_hydrotest_sychev_3_srv/install/tutorial_interfaces/include/tutorial_interfaces/tutorial_interfaces/msg/rosidl_typesupport_fastrtps_c__visibility_control.h
[9.466s] -- Up-to-date: /home/artifex/ros2_hydrotest_sychev_3_srv/install/tutorial_interfaces/include/tutorial_interfaces/tutorial_interfaces/srv
[9.466s] -- Up-to-date: /home/artifex/ros2_hydrotest_sychev_3_srv/install/tutorial_interfaces/include/tutorial_interfaces/tutorial_interfaces/srv/detail
[9.466s] -- Installing: /home/artifex/ros2_hydrotest_sychev_3_srv/install/tutorial_interfaces/include/tutorial_interfaces/tutorial_interfaces/srv/detail/add_three_ints__rosidl_typesupport_fastrtps_c.h
[9.466s] -- Installing: /home/artifex/ros2_hydrotest_sychev_3_srv/install/tutorial_interfaces/lib/libtutorial_interfaces__rosidl_typesupport_fastrtps_c.so
[9.466s] -- Set runtime path of "/home/artifex/ros2_hydrotest_sychev_3_srv/install/tutorial_interfaces/lib/libtutorial_interfaces__rosidl_typesupport_fastrtps_c.so" to ""
[9.466s] -- Up-to-date: /home/artifex/ros2_hydrotest_sychev_3_srv/install/tutorial_interfaces/include/tutorial_interfaces/tutorial_interfaces
[9.467s] -- Up-to-date: /home/artifex/ros2_hydrotest_sychev_3_srv/install/tutorial_interfaces/include/tutorial_interfaces/tutorial_interfaces/msg
[9.467s] -- Up-to-date: /home/artifex/ros2_hydrotest_sychev_3_srv/install/tutorial_interfaces/include/tutorial_interfaces/tutorial_interfaces/msg/detail
[9.467s] -- Installing: /home/artifex/ros2_hydrotest_sychev_3_srv/install/tutorial_interfaces/include/tutorial_interfaces/tutorial_interfaces/msg/detail/num__traits.hpp
[9.467s] -- Installing: /home/artifex/ros2_hydrotest_sychev_3_srv/install/tutorial_interfaces/include/tutorial_interfaces/tutorial_interfaces/msg/detail/num__builder.hpp
[9.467s] -- Installing: /home/artifex/ros2_hydrotest_sychev_3_srv/install/tutorial_interfaces/include/tutorial_interfaces/tutorial_interfaces/msg/detail/num__struct.hpp
[9.467s] -- Installing: /home/artifex/ros2_hydrotest_sychev_3_srv/install/tutorial_interfaces/include/tutorial_interfaces/tutorial_interfaces/msg/detail/sphere__traits.hpp
[9.467s] -- Installing: /home/artifex/ros2_hydrotest_sychev_3_srv/install/tutorial_interfaces/include/tutorial_interfaces/tutorial_interfaces/msg/detail/sphere__builder.hpp
[9.467s] -- Installing: /home/artifex/ros2_hydrotest_sychev_3_srv/install/tutorial_interfaces/include/tutorial_interfaces/tutorial_interfaces/msg/detail/sphere__struct.hpp
[9.467s] -- Installing: /home/artifex/ros2_hydrotest_sychev_3_srv/install/tutorial_interfaces/include/tutorial_interfaces/tutorial_interfaces/msg/num.hpp
[9.467s] -- Installing: /home/artifex/ros2_hydrotest_sychev_3_srv/install/tutorial_interfaces/include/tutorial_interfaces/tutorial_interfaces/msg/sphere.hpp
[9.468s] -- Up-to-date: /home/artifex/ros2_hydrotest_sychev_3_srv/install/tutorial_interfaces/include/tutorial_interfaces/tutorial_interfaces/srv
[9.468s] -- Up-to-date: /home/artifex/ros2_hydrotest_sychev_3_srv/install/tutorial_interfaces/include/tutorial_interfaces/tutorial_interfaces/srv/detail
[9.468s] -- Installing: /home/artifex/ros2_hydrotest_sychev_3_srv/install/tutorial_interfaces/include/tutorial_interfaces/tutorial_interfaces/srv/detail/add_three_ints__struct.hpp
[9.468s] -- Installing: /home/artifex/ros2_hydrotest_sychev_3_srv/install/tutorial_interfaces/include/tutorial_interfaces/tutorial_interfaces/srv/detail/add_three_ints__builder.hpp
[9.468s] -- Installing: /home/artifex/ros2_hydrotest_sychev_3_srv/install/tutorial_interfaces/include/tutorial_interfaces/tutorial_interfaces/srv/detail/add_three_ints__traits.hpp
[9.468s] -- Installing: /home/artifex/ros2_hydrotest_sychev_3_srv/install/tutorial_interfaces/include/tutorial_interfaces/tutorial_interfaces/srv/add_three_ints.hpp
[9.468s] -- Up-to-date: /home/artifex/ros2_hydrotest_sychev_3_srv/install/tutorial_interfaces/include/tutorial_interfaces/tutorial_interfaces
[9.468s] -- Up-to-date: /home/artifex/ros2_hydrotest_sychev_3_srv/install/tutorial_interfaces/include/tutorial_interfaces/tutorial_interfaces/msg
[9.468s] -- Up-to-date: /home/artifex/ros2_hydrotest_sychev_3_srv/install/tutorial_interfaces/include/tutorial_interfaces/tutorial_interfaces/msg/detail
[9.468s] -- Installing: /home/artifex/ros2_hydrotest_sychev_3_srv/install/tutorial_interfaces/include/tutorial_interfaces/tutorial_interfaces/msg/detail/num__rosidl_typesupport_fastrtps_cpp.hpp
[9.468s] -- Installing: /home/artifex/ros2_hydrotest_sychev_3_srv/install/tutorial_interfaces/include/tutorial_interfaces/tutorial_interfaces/msg/detail/sphere__rosidl_typesupport_fastrtps_cpp.hpp
[9.469s] -- Installing: /home/artifex/ros2_hydrotest_sychev_3_srv/install/tutorial_interfaces/include/tutorial_interfaces/tutorial_interfaces/msg/detail/dds_fastrtps
[9.469s] -- Installing: /home/artifex/ros2_hydrotest_sychev_3_srv/install/tutorial_interfaces/include/tutorial_interfaces/tutorial_interfaces/msg/rosidl_typesupport_fastrtps_cpp__visibility_control.h
[9.469s] -- Up-to-date: /home/artifex/ros2_hydrotest_sychev_3_srv/install/tutorial_interfaces/include/tutorial_interfaces/tutorial_interfaces/srv
[9.469s] -- Up-to-date: /home/artifex/ros2_hydrotest_sychev_3_srv/install/tutorial_interfaces/include/tutorial_interfaces/tutorial_interfaces/srv/detail
[9.469s] -- Installing: /home/artifex/ros2_hydrotest_sychev_3_srv/install/tutorial_interfaces/include/tutorial_interfaces/tutorial_interfaces/srv/detail/dds_fastrtps
[9.469s] -- Installing: /home/artifex/ros2_hydrotest_sychev_3_srv/install/tutorial_interfaces/include/tutorial_interfaces/tutorial_interfaces/srv/detail/add_three_ints__rosidl_typesupport_fastrtps_cpp.hpp
[9.469s] -- Installing: /home/artifex/ros2_hydrotest_sychev_3_srv/install/tutorial_interfaces/lib/libtutorial_interfaces__rosidl_typesupport_fastrtps_cpp.so
[9.469s] -- Set runtime path of "/home/artifex/ros2_hydrotest_sychev_3_srv/install/tutorial_interfaces/lib/libtutorial_interfaces__rosidl_typesupport_fastrtps_cpp.so" to ""
[9.470s] -- Up-to-date: /home/artifex/ros2_hydrotest_sychev_3_srv/install/tutorial_interfaces/include/tutorial_interfaces/tutorial_interfaces
[9.470s] -- Up-to-date: /home/artifex/ros2_hydrotest_sychev_3_srv/install/tutorial_interfaces/include/tutorial_interfaces/tutorial_interfaces/msg
[9.470s] -- Up-to-date: /home/artifex/ros2_hydrotest_sychev_3_srv/install/tutorial_interfaces/include/tutorial_interfaces/tutorial_interfaces/msg/detail
[9.470s] -- Installing: /home/artifex/ros2_hydrotest_sychev_3_srv/install/tutorial_interfaces/include/tutorial_interfaces/tutorial_interfaces/msg/detail/sphere__type_support.c
[9.470s] -- Installing: /home/artifex/ros2_hydrotest_sychev_3_srv/install/tutorial_interfaces/include/tutorial_interfaces/tutorial_interfaces/msg/detail/sphere__rosidl_typesupport_introspection_c.h
[9.470s] -- Installing: /home/artifex/ros2_hydrotest_sychev_3_srv/install/tutorial_interfaces/include/tutorial_interfaces/tutorial_interfaces/msg/detail/num__rosidl_typesupport_introspection_c.h
[9.470s] -- Installing: /home/artifex/ros2_hydrotest_sychev_3_srv/install/tutorial_interfaces/include/tutorial_interfaces/tutorial_interfaces/msg/detail/num__type_support.c
[9.470s] -- Installing: /home/artifex/ros2_hydrotest_sychev_3_srv/install/tutorial_interfaces/include/tutorial_interfaces/tutorial_interfaces/msg/rosidl_typesupport_introspection_c__visibility_control.h
[9.470s] -- Up-to-date: /home/artifex/ros2_hydrotest_sychev_3_srv/install/tutorial_interfaces/include/tutorial_interfaces/tutorial_interfaces/srv
[9.470s] -- Up-to-date: /home/artifex/ros2_hydrotest_sychev_3_srv/install/tutorial_interfaces/include/tutorial_interfaces/tutorial_interfaces/srv/detail
[9.470s] -- Installing: /home/artifex/ros2_hydrotest_sychev_3_srv/install/tutorial_interfaces/include/tutorial_interfaces/tutorial_interfaces/srv/detail/add_three_ints__rosidl_typesupport_introspection_c.h
[9.470s] -- Installing: /home/artifex/ros2_hydrotest_sychev_3_srv/install/tutorial_interfaces/include/tutorial_interfaces/tutorial_interfaces/srv/detail/add_three_ints__type_support.c
[9.471s] -- Installing: /home/artifex/ros2_hydrotest_sychev_3_srv/install/tutorial_interfaces/lib/libtutorial_interfaces__rosidl_typesupport_introspection_c.so
[9.471s] -- Set runtime path of "/home/artifex/ros2_hydrotest_sychev_3_srv/install/tutorial_interfaces/lib/libtutorial_interfaces__rosidl_typesupport_introspection_c.so" to ""
[9.471s] -- Installing: /home/artifex/ros2_hydrotest_sychev_3_srv/install/tutorial_interfaces/lib/libtutorial_interfaces__rosidl_typesupport_c.so
[9.471s] -- Set runtime path of "/home/artifex/ros2_hydrotest_sychev_3_srv/install/tutorial_interfaces/lib/libtutorial_interfaces__rosidl_typesupport_c.so" to ""
[9.471s] -- Up-to-date: /home/artifex/ros2_hydrotest_sychev_3_srv/install/tutorial_interfaces/include/tutorial_interfaces/tutorial_interfaces
[9.471s] -- Up-to-date: /home/artifex/ros2_hydrotest_sychev_3_srv/install/tutorial_interfaces/include/tutorial_interfaces/tutorial_interfaces/msg
[9.472s] -- Up-to-date: /home/artifex/ros2_hydrotest_sychev_3_srv/install/tutorial_interfaces/include/tutorial_interfaces/tutorial_interfaces/msg/detail
[9.472s] -- Installing: /home/artifex/ros2_hydrotest_sychev_3_srv/install/tutorial_interfaces/include/tutorial_interfaces/tutorial_interfaces/msg/detail/sphere__type_support.cpp
[9.472s] -- Installing: /home/artifex/ros2_hydrotest_sychev_3_srv/install/tutorial_interfaces/include/tutorial_interfaces/tutorial_interfaces/msg/detail/sphere__rosidl_typesupport_introspection_cpp.hpp
[9.472s] -- Installing: /home/artifex/ros2_hydrotest_sychev_3_srv/install/tutorial_interfaces/include/tutorial_interfaces/tutorial_interfaces/msg/detail/num__type_support.cpp
[9.472s] -- Installing: /home/artifex/ros2_hydrotest_sychev_3_srv/install/tutorial_interfaces/include/tutorial_interfaces/tutorial_interfaces/msg/detail/num__rosidl_typesupport_introspection_cpp.hpp
[9.472s] -- Up-to-date: /home/artifex/ros2_hydrotest_sychev_3_srv/install/tutorial_interfaces/include/tutorial_interfaces/tutorial_interfaces/srv
[9.472s] -- Up-to-date: /home/artifex/ros2_hydrotest_sychev_3_srv/install/tutorial_interfaces/include/tutorial_interfaces/tutorial_interfaces/srv/detail
[9.472s] -- Installing: /home/artifex/ros2_hydrotest_sychev_3_srv/install/tutorial_interfaces/include/tutorial_interfaces/tutorial_interfaces/srv/detail/add_three_ints__type_support.cpp
[9.472s] -- Installing: /home/artifex/ros2_hydrotest_sychev_3_srv/install/tutorial_interfaces/include/tutorial_interfaces/tutorial_interfaces/srv/detail/add_three_ints__rosidl_typesupport_introspection_cpp.hpp
[9.472s] -- Installing: /home/artifex/ros2_hydrotest_sychev_3_srv/install/tutorial_interfaces/lib/libtutorial_interfaces__rosidl_typesupport_introspection_cpp.so
[9.473s] -- Set runtime path of "/home/artifex/ros2_hydrotest_sychev_3_srv/install/tutorial_interfaces/lib/libtutorial_interfaces__rosidl_typesupport_introspection_cpp.so" to ""
[9.473s] -- Installing: /home/artifex/ros2_hydrotest_sychev_3_srv/install/tutorial_interfaces/lib/libtutorial_interfaces__rosidl_typesupport_cpp.so
[9.473s] -- Set runtime path of "/home/artifex/ros2_hydrotest_sychev_3_srv/install/tutorial_interfaces/lib/libtutorial_interfaces__rosidl_typesupport_cpp.so" to ""
[9.473s] -- Installing: /home/artifex/ros2_hydrotest_sychev_3_srv/install/tutorial_interfaces/share/tutorial_interfaces/environment/pythonpath.sh
[9.473s] -- Installing: /home/artifex/ros2_hydrotest_sychev_3_srv/install/tutorial_interfaces/share/tutorial_interfaces/environment/pythonpath.dsv
[9.473s] -- Installing: /home/artifex/ros2_hydrotest_sychev_3_srv/install/tutorial_interfaces/lib/python3.10/site-packages/tutorial_interfaces-0.0.0-py3.10.egg-info
[9.474s] -- Installing: /home/artifex/ros2_hydrotest_sychev_3_srv/install/tutorial_interfaces/lib/python3.10/site-packages/tutorial_interfaces-0.0.0-py3.10.egg-info/PKG-INFO
[9.474s] -- Installing: /home/artifex/ros2_hydrotest_sychev_3_srv/install/tutorial_interfaces/lib/python3.10/site-packages/tutorial_interfaces-0.0.0-py3.10.egg-info/top_level.txt
[9.474s] -- Installing: /home/artifex/ros2_hydrotest_sychev_3_srv/install/tutorial_interfaces/lib/python3.10/site-packages/tutorial_interfaces-0.0.0-py3.10.egg-info/dependency_links.txt
[9.474s] -- Installing: /home/artifex/ros2_hydrotest_sychev_3_srv/install/tutorial_interfaces/lib/python3.10/site-packages/tutorial_interfaces-0.0.0-py3.10.egg-info/SOURCES.txt
[9.474s] -- Installing: /home/artifex/ros2_hydrotest_sychev_3_srv/install/tutorial_interfaces/lib/python3.10/site-packages/tutorial_interfaces
[9.474s] -- Installing: /home/artifex/ros2_hydrotest_sychev_3_srv/install/tutorial_interfaces/lib/python3.10/site-packages/tutorial_interfaces/_tutorial_interfaces_s.ep.rosidl_typesupport_c.c
[9.474s] -- Installing: /home/artifex/ros2_hydrotest_sychev_3_srv/install/tutorial_interfaces/lib/python3.10/site-packages/tutorial_interfaces/__init__.py
[9.474s] -- Installing: /home/artifex/ros2_hydrotest_sychev_3_srv/install/tutorial_interfaces/lib/python3.10/site-packages/tutorial_interfaces/tutorial_interfaces_s__rosidl_typesupport_c.cpython-310-x86_64-linux-gnu.so
[9.475s] -- Installing: /home/artifex/ros2_hydrotest_sychev_3_srv/install/tutorial_interfaces/lib/python3.10/site-packages/tutorial_interfaces/_tutorial_interfaces_s.ep.rosidl_typesupport_fastrtps_c.c
[9.475s] -- Installing: /home/artifex/ros2_hydrotest_sychev_3_srv/install/tutorial_interfaces/lib/python3.10/site-packages/tutorial_interfaces/msg
[9.475s] -- Installing: /home/artifex/ros2_hydrotest_sychev_3_srv/install/tutorial_interfaces/lib/python3.10/site-packages/tutorial_interfaces/msg/_num.py
[9.475s] -- Installing: /home/artifex/ros2_hydrotest_sychev_3_srv/install/tutorial_interfaces/lib/python3.10/site-packages/tutorial_interfaces/msg/_sphere_s.c
[9.475s] -- Installing: /home/artifex/ros2_hydrotest_sychev_3_srv/install/tutorial_interfaces/lib/python3.10/site-packages/tutorial_interfaces/msg/__init__.py
[9.475s] -- Installing: /home/artifex/ros2_hydrotest_sychev_3_srv/install/tutorial_interfaces/lib/python3.10/site-packages/tutorial_interfaces/msg/_sphere.py
[9.475s] -- Installing: /home/artifex/ros2_hydrotest_sychev_3_srv/install/tutorial_interfaces/lib/python3.10/site-packages/tutorial_interfaces/msg/_num_s.c
[9.475s] -- Installing: /home/artifex/ros2_hydrotest_sychev_3_srv/install/tutorial_interfaces/lib/python3.10/site-packages/tutorial_interfaces/libtutorial_interfaces__rosidl_generator_py.so
[9.475s] -- Installing: /home/artifex/ros2_hydrotest_sychev_3_srv/install/tutorial_interfaces/lib/python3.10/site-packages/tutorial_interfaces/tutorial_interfaces_s__rosidl_typesupport_fastrtps_c.cpython-310-x86_64-linux-gnu.so
[9.476s] -- Installing: /home/artifex/ros2_hydrotest_sychev_3_srv/install/tutorial_interfaces/lib/python3.10/site-packages/tutorial_interfaces/tutorial_interfaces_s__rosidl_typesupport_introspection_c.cpython-310-x86_64-linux-gnu.so
[9.476s] -- Installing: /home/artifex/ros2_hydrotest_sychev_3_srv/install/tutorial_interfaces/lib/python3.10/site-packages/tutorial_interfaces/_tutorial_interfaces_s.ep.rosidl_typesupport_introspection_c.c
[9.476s] -- Installing: /home/artifex/ros2_hydrotest_sychev_3_srv/install/tutorial_interfaces/lib/python3.10/site-packages/tutorial_interfaces/srv
[9.476s] -- Installing: /home/artifex/ros2_hydrotest_sychev_3_srv/install/tutorial_interfaces/lib/python3.10/site-packages/tutorial_interfaces/srv/__init__.py
[9.476s] -- Installing: /home/artifex/ros2_hydrotest_sychev_3_srv/install/tutorial_interfaces/lib/python3.10/site-packages/tutorial_interfaces/srv/_add_three_ints_s.c
[9.476s] -- Installing: /home/artifex/ros2_hydrotest_sychev_3_srv/install/tutorial_interfaces/lib/python3.10/site-packages/tutorial_interfaces/srv/_add_three_ints.py
[9.504s] Listing '/home/artifex/ros2_hydrotest_sychev_3_srv/install/tutorial_interfaces/lib/python3.10/site-packages/tutorial_interfaces'...
[9.505s] Compiling '/home/artifex/ros2_hydrotest_sychev_3_srv/install/tutorial_interfaces/lib/python3.10/site-packages/tutorial_interfaces/__init__.py'...
[9.505s] Listing '/home/artifex/ros2_hydrotest_sychev_3_srv/install/tutorial_interfaces/lib/python3.10/site-packages/tutorial_interfaces/msg'...
[9.505s] Compiling '/home/artifex/ros2_hydrotest_sychev_3_srv/install/tutorial_interfaces/lib/python3.10/site-packages/tutorial_interfaces/msg/__init__.py'...
[9.505s] Compiling '/home/artifex/ros2_hydrotest_sychev_3_srv/install/tutorial_interfaces/lib/python3.10/site-packages/tutorial_interfaces/msg/_num.py'...
[9.505s] Compiling '/home/artifex/ros2_hydrotest_sychev_3_srv/install/tutorial_interfaces/lib/python3.10/site-packages/tutorial_interfaces/msg/_sphere.py'...
[9.505s] Listing '/home/artifex/ros2_hydrotest_sychev_3_srv/install/tutorial_interfaces/lib/python3.10/site-packages/tutorial_interfaces/srv'...
[9.505s] Compiling '/home/artifex/ros2_hydrotest_sychev_3_srv/install/tutorial_interfaces/lib/python3.10/site-packages/tutorial_interfaces/srv/__init__.py'...
[9.505s] Compiling '/home/artifex/ros2_hydrotest_sychev_3_srv/install/tutorial_interfaces/lib/python3.10/site-packages/tutorial_interfaces/srv/_add_three_ints.py'...
[9.508s] -- Installing: /home/artifex/ros2_hydrotest_sychev_3_srv/install/tutorial_interfaces/lib/python3.10/site-packages/tutorial_interfaces/tutorial_interfaces_s__rosidl_typesupport_fastrtps_c.cpython-310-x86_64-linux-gnu.so
[9.508s] -- Set runtime path of "/home/artifex/ros2_hydrotest_sychev_3_srv/install/tutorial_interfaces/lib/python3.10/site-packages/tutorial_interfaces/tutorial_interfaces_s__rosidl_typesupport_fastrtps_c.cpython-310-x86_64-linux-gnu.so" to ""
[9.508s] -- Installing: /home/artifex/ros2_hydrotest_sychev_3_srv/install/tutorial_interfaces/lib/python3.10/site-packages/tutorial_interfaces/tutorial_interfaces_s__rosidl_typesupport_introspection_c.cpython-310-x86_64-linux-gnu.so
[9.509s] -- Set runtime path of "/home/artifex/ros2_hydrotest_sychev_3_srv/install/tutorial_interfaces/lib/python3.10/site-packages/tutorial_interfaces/tutorial_interfaces_s__rosidl_typesupport_introspection_c.cpython-310-x86_64-linux-gnu.so" to ""
[9.509s] -- Installing: /home/artifex/ros2_hydrotest_sychev_3_srv/install/tutorial_interfaces/lib/python3.10/site-packages/tutorial_interfaces/tutorial_interfaces_s__rosidl_typesupport_c.cpython-310-x86_64-linux-gnu.so
[9.509s] -- Set runtime path of "/home/artifex/ros2_hydrotest_sychev_3_srv/install/tutorial_interfaces/lib/python3.10/site-packages/tutorial_interfaces/tutorial_interfaces_s__rosidl_typesupport_c.cpython-310-x86_64-linux-gnu.so" to ""
[9.509s] -- Installing: /home/artifex/ros2_hydrotest_sychev_3_srv/install/tutorial_interfaces/lib/libtutorial_interfaces__rosidl_generator_py.so
[9.510s] -- Set runtime path of "/home/artifex/ros2_hydrotest_sychev_3_srv/install/tutorial_interfaces/lib/libtutorial_interfaces__rosidl_generator_py.so" to ""
[9.510s] -- Installing: /home/artifex/ros2_hydrotest_sychev_3_srv/install/tutorial_interfaces/share/tutorial_interfaces/msg/Num.idl
[9.510s] -- Installing: /home/artifex/ros2_hydrotest_sychev_3_srv/install/tutorial_interfaces/share/tutorial_interfaces/msg/Sphere.idl
[9.510s] -- Installing: /home/artifex/ros2_hydrotest_sychev_3_srv/install/tutorial_interfaces/share/tutorial_interfaces/srv/AddThreeInts.idl
[9.510s] -- Installing: /home/artifex/ros2_hydrotest_sychev_3_srv/install/tutorial_interfaces/share/tutorial_interfaces/msg/Num.msg
[9.510s] -- Installing: /home/artifex/ros2_hydrotest_sychev_3_srv/install/tutorial_interfaces/share/tutorial_interfaces/msg/Sphere.msg
[9.510s] -- Installing: /home/artifex/ros2_hydrotest_sychev_3_srv/install/tutorial_interfaces/share/tutorial_interfaces/srv/AddThreeInts.srv
[9.510s] -- Installing: /home/artifex/ros2_hydrotest_sychev_3_srv/install/tutorial_interfaces/share/tutorial_interfaces/srv/AddThreeInts_Request.msg
[9.511s] -- Installing: /home/artifex/ros2_hydrotest_sychev_3_srv/install/tutorial_interfaces/share/tutorial_interfaces/srv/AddThreeInts_Response.msg
[9.511s] -- Installing: /home/artifex/ros2_hydrotest_sychev_3_srv/install/tutorial_interfaces/share/ament_index/resource_index/package_run_dependencies/tutorial_interfaces
[9.511s] -- Installing: /home/artifex/ros2_hydrotest_sychev_3_srv/install/tutorial_interfaces/share/ament_index/resource_index/parent_prefix_path/tutorial_interfaces
[9.511s] -- Installing: /home/artifex/ros2_hydrotest_sychev_3_srv/install/tutorial_interfaces/share/tutorial_interfaces/environment/ament_prefix_path.sh
[9.511s] -- Installing: /home/artifex/ros2_hydrotest_sychev_3_srv/install/tutorial_interfaces/share/tutorial_interfaces/environment/ament_prefix_path.dsv
[9.511s] -- Installing: /home/artifex/ros2_hydrotest_sychev_3_srv/install/tutorial_interfaces/share/tutorial_interfaces/environment/path.sh
[9.512s] -- Installing: /home/artifex/ros2_hydrotest_sychev_3_srv/install/tutorial_interfaces/share/tutorial_interfaces/environment/path.dsv
[9.512s] -- Installing: /home/artifex/ros2_hydrotest_sychev_3_srv/install/tutorial_interfaces/share/tutorial_interfaces/local_setup.bash
[9.512s] -- Installing: /home/artifex/ros2_hydrotest_sychev_3_srv/install/tutorial_interfaces/share/tutorial_interfaces/local_setup.sh
[9.512s] -- Installing: /home/artifex/ros2_hydrotest_sychev_3_srv/install/tutorial_interfaces/share/tutorial_interfaces/local_setup.zsh
[9.512s] -- Installing: /home/artifex/ros2_hydrotest_sychev_3_srv/install/tutorial_interfaces/share/tutorial_interfaces/local_setup.dsv
[9.512s] -- Installing: /home/artifex/ros2_hydrotest_sychev_3_srv/install/tutorial_interfaces/share/tutorial_interfaces/package.dsv
[9.512s] -- Installing: /home/artifex/ros2_hydrotest_sychev_3_srv/install/tutorial_interfaces/share/ament_index/resource_index/packages/tutorial_interfaces
[9.513s] -- Installing: /home/artifex/ros2_hydrotest_sychev_3_srv/install/tutorial_interfaces/share/tutorial_interfaces/cmake/export_tutorial_interfaces__rosidl_generator_cExport.cmake
[9.513s] -- Installing: /home/artifex/ros2_hydrotest_sychev_3_srv/install/tutorial_interfaces/share/tutorial_interfaces/cmake/export_tutorial_interfaces__rosidl_generator_cExport-noconfig.cmake
[9.513s] -- Installing: /home/artifex/ros2_hydrotest_sychev_3_srv/install/tutorial_interfaces/share/tutorial_interfaces/cmake/export_tutorial_interfaces__rosidl_typesupport_fastrtps_cExport.cmake
[9.513s] -- Installing: /home/artifex/ros2_hydrotest_sychev_3_srv/install/tutorial_interfaces/share/tutorial_interfaces/cmake/export_tutorial_interfaces__rosidl_typesupport_fastrtps_cExport-noconfig.cmake
[9.513s] -- Installing: /home/artifex/ros2_hydrotest_sychev_3_srv/install/tutorial_interfaces/share/tutorial_interfaces/cmake/export_tutorial_interfaces__rosidl_generator_cppExport.cmake
[9.513s] -- Installing: /home/artifex/ros2_hydrotest_sychev_3_srv/install/tutorial_interfaces/share/tutorial_interfaces/cmake/export_tutorial_interfaces__rosidl_typesupport_fastrtps_cppExport.cmake
[9.514s] -- Installing: /home/artifex/ros2_hydrotest_sychev_3_srv/install/tutorial_interfaces/share/tutorial_interfaces/cmake/export_tutorial_interfaces__rosidl_typesupport_fastrtps_cppExport-noconfig.cmake
[9.514s] -- Installing: /home/artifex/ros2_hydrotest_sychev_3_srv/install/tutorial_interfaces/share/tutorial_interfaces/cmake/tutorial_interfaces__rosidl_typesupport_introspection_cExport.cmake
[9.514s] -- Installing: /home/artifex/ros2_hydrotest_sychev_3_srv/install/tutorial_interfaces/share/tutorial_interfaces/cmake/tutorial_interfaces__rosidl_typesupport_introspection_cExport-noconfig.cmake
[9.514s] -- Installing: /home/artifex/ros2_hydrotest_sychev_3_srv/install/tutorial_interfaces/share/tutorial_interfaces/cmake/tutorial_interfaces__rosidl_typesupport_cExport.cmake
[9.514s] -- Installing: /home/artifex/ros2_hydrotest_sychev_3_srv/install/tutorial_interfaces/share/tutorial_interfaces/cmake/tutorial_interfaces__rosidl_typesupport_cExport-noconfig.cmake
[9.514s] -- Installing: /home/artifex/ros2_hydrotest_sychev_3_srv/install/tutorial_interfaces/share/tutorial_interfaces/cmake/tutorial_interfaces__rosidl_typesupport_introspection_cppExport.cmake
[9.515s] -- Installing: /home/artifex/ros2_hydrotest_sychev_3_srv/install/tutorial_interfaces/share/tutorial_interfaces/cmake/tutorial_interfaces__rosidl_typesupport_introspection_cppExport-noconfig.cmake
[9.515s] -- Installing: /home/artifex/ros2_hydrotest_sychev_3_srv/install/tutorial_interfaces/share/tutorial_interfaces/cmake/tutorial_interfaces__rosidl_typesupport_cppExport.cmake
[9.515s] -- Installing: /home/artifex/ros2_hydrotest_sychev_3_srv/install/tutorial_interfaces/share/tutorial_interfaces/cmake/tutorial_interfaces__rosidl_typesupport_cppExport-noconfig.cmake
[9.515s] -- Installing: /home/artifex/ros2_hydrotest_sychev_3_srv/install/tutorial_interfaces/share/tutorial_interfaces/cmake/export_tutorial_interfaces__rosidl_generator_pyExport.cmake
[9.515s] -- Installing: /home/artifex/ros2_hydrotest_sychev_3_srv/install/tutorial_interfaces/share/tutorial_interfaces/cmake/export_tutorial_interfaces__rosidl_generator_pyExport-noconfig.cmake
[9.515s] -- Installing: /home/artifex/ros2_hydrotest_sychev_3_srv/install/tutorial_interfaces/share/tutorial_interfaces/cmake/rosidl_cmake-extras.cmake
[9.515s] -- Installing: /home/artifex/ros2_hydrotest_sychev_3_srv/install/tutorial_interfaces/share/tutorial_interfaces/cmake/ament_cmake_export_dependencies-extras.cmake
[9.516s] -- Installing: /home/artifex/ros2_hydrotest_sychev_3_srv/install/tutorial_interfaces/share/tutorial_interfaces/cmake/ament_cmake_export_include_directories-extras.cmake
[9.516s] -- Installing: /home/artifex/ros2_hydrotest_sychev_3_srv/install/tutorial_interfaces/share/tutorial_interfaces/cmake/ament_cmake_export_libraries-extras.cmake
[9.516s] -- Installing: /home/artifex/ros2_hydrotest_sychev_3_srv/install/tutorial_interfaces/share/tutorial_interfaces/cmake/ament_cmake_export_targets-extras.cmake
[9.516s] -- Installing: /home/artifex/ros2_hydrotest_sychev_3_srv/install/tutorial_interfaces/share/tutorial_interfaces/cmake/rosidl_cmake_export_typesupport_targets-extras.cmake
[9.516s] -- Installing: /home/artifex/ros2_hydrotest_sychev_3_srv/install/tutorial_interfaces/share/tutorial_interfaces/cmake/rosidl_cmake_export_typesupport_libraries-extras.cmake
[9.516s] -- Installing: /home/artifex/ros2_hydrotest_sychev_3_srv/install/tutorial_interfaces/share/tutorial_interfaces/cmake/tutorial_interfacesConfig.cmake
[9.516s] -- Installing: /home/artifex/ros2_hydrotest_sychev_3_srv/install/tutorial_interfaces/share/tutorial_interfaces/cmake/tutorial_interfacesConfig-version.cmake
[9.517s] -- Installing: /home/artifex/ros2_hydrotest_sychev_3_srv/install/tutorial_interfaces/share/tutorial_interfaces/package.xml
[9.519s] Invoked command in '/home/artifex/ros2_hydrotest_sychev_3_srv/build/tutorial_interfaces' returned '0': CMAKE_PREFIX_PATH=/opt/ros/iron /usr/bin/cmake --install /home/artifex/ros2_hydrotest_sychev_3_srv/build/tutorial_interfaces
